{"/Users/exwire/quasar-ts-starter-template/src/App.vue": {"path":"/Users/exwire/quasar-ts-starter-template/src/App.vue","statementMap":{"0":{"start":{"line":8,"column":0},"end":{"line":8,"column":null}}},"fnMap":{},"branchMap":{},"s":{"0":0},"f":{},"b":{}}
,"/Users/exwire/quasar-ts-starter-template/src/index.ts": {"path":"/Users/exwire/quasar-ts-starter-template/src/index.ts","statementMap":{},"fnMap":{},"branchMap":{},"s":{},"f":{},"b":{},"hash":"c6bd76bb9c5b7702c9a6c8b6f4687754c06071f9"}
,"/Users/exwire/quasar-ts-starter-template/src/i18n/index.ts": {"path":"/Users/exwire/quasar-ts-starter-template/src/i18n/index.ts","statementMap":{},"fnMap":{},"branchMap":{},"s":{},"f":{},"b":{},"hash":"898b8cb624d54fec81cbb3e4025eef3ad541788e"}
,"/Users/exwire/quasar-ts-starter-template/src/i18n/en-us/index.ts": {"path":"/Users/exwire/quasar-ts-starter-template/src/i18n/en-us/index.ts","statementMap":{},"fnMap":{},"branchMap":{},"s":{},"f":{},"b":{},"hash":"d524f6a7abf4e814ed8b59564f6c7ee7706e29e6"}
,"/Users/exwire/quasar-ts-starter-template/src/layouts/MyLayout.vue": {"path":"/Users/exwire/quasar-ts-starter-template/src/layouts/MyLayout.vue","statementMap":{"0":{"start":{"line":85,"column":0},"end":{"line":85,"column":null}},"1":{"start":{"line":87,"column":0},"end":{"line":87,"column":null}},"2":{"start":{"line":92,"column":0},"end":{"line":92,"column":null}}},"fnMap":{"0":{"name":"data","decl":{"start":{"line":91,"column":0},"end":{"line":91,"column":null}},"loc":{"start":{"line":91,"column":0},"end":{"line":95,"column":null}}}},"branchMap":{},"s":{"0":0,"1":0,"2":0},"f":{"0":0},"b":{}}
,"/Users/exwire/quasar-ts-starter-template/src/pages/Error404.vue": {"path":"/Users/exwire/quasar-ts-starter-template/src/pages/Error404.vue","statementMap":{"0":{"start":{"line":19,"column":0},"end":{"line":19,"column":null}}},"fnMap":{},"branchMap":{},"s":{"0":0},"f":{},"b":{}}
,"/Users/exwire/quasar-ts-starter-template/src/pages/Index.vue": {"path":"/Users/exwire/quasar-ts-starter-template/src/pages/Index.vue","statementMap":{"0":{"start":{"line":11,"column":0},"end":{"line":11,"column":null}}},"fnMap":{},"branchMap":{},"s":{"0":0},"f":{},"b":{}}
,"/Users/exwire/quasar-ts-starter-template/src/router/index.ts": {"path":"/Users/exwire/quasar-ts-starter-template/src/router/index.ts","statementMap":{"0":{"start":{"line":6,"column":0},"end":{"line":6,"column":18}},"1":{"start":{"line":14,"column":17},"end":{"line":23,"column":4}},"2":{"start":{"line":15,"column":27},"end":{"line":15,"column":41}},"3":{"start":{"line":25,"column":2},"end":{"line":25,"column":15}}},"fnMap":{"0":{"name":"(anonymous_0)","decl":{"start":{"line":13,"column":15},"end":{"line":13,"column":16}},"loc":{"start":{"line":13,"column":54},"end":{"line":26,"column":1}},"line":13},"1":{"name":"(anonymous_1)","decl":{"start":{"line":15,"column":20},"end":{"line":15,"column":21}},"loc":{"start":{"line":15,"column":27},"end":{"line":15,"column":41}},"line":15}},"branchMap":{},"s":{"0":0,"1":0,"2":0,"3":0},"f":{"0":0,"1":0},"b":{},"hash":"ca8fa89087609ed1863e408ffbaec97cda97e4a1"}
,"/Users/exwire/quasar-ts-starter-template/src/store/index.ts": {"path":"/Users/exwire/quasar-ts-starter-template/src/store/index.ts","statementMap":{"0":{"start":{"line":6,"column":0},"end":{"line":6,"column":13}},"1":{"start":{"line":14,"column":16},"end":{"line":22,"column":4}},"2":{"start":{"line":24,"column":2},"end":{"line":24,"column":14}}},"fnMap":{"0":{"name":"(anonymous_0)","decl":{"start":{"line":13,"column":15},"end":{"line":13,"column":16}},"loc":{"start":{"line":13,"column":47},"end":{"line":25,"column":1}},"line":13}},"branchMap":{},"s":{"0":0,"1":0,"2":0},"f":{"0":0},"b":{},"hash":"6ab70a294113756e9c621aae5b73141249e7a15b"}
,"/Users/exwire/quasar-ts-starter-template/src/store/module-example/actions.ts": {"path":"/Users/exwire/quasar-ts-starter-template/src/store/module-example/actions.ts","statementMap":{},"fnMap":{"0":{"name":"someAction","decl":{"start":{"line":1,"column":16},"end":{"line":1,"column":26}},"loc":{"start":{"line":1,"column":43},"end":{"line":2,"column":1}},"line":1}},"branchMap":{},"s":{},"f":{"0":0},"b":{},"hash":"d7a3a73bbb017c7c94c144fe5eccac131e792622"}
,"/Users/exwire/quasar-ts-starter-template/src/store/module-example/getters.ts": {"path":"/Users/exwire/quasar-ts-starter-template/src/store/module-example/getters.ts","statementMap":{},"fnMap":{"0":{"name":"someGetter","decl":{"start":{"line":1,"column":16},"end":{"line":1,"column":26}},"loc":{"start":{"line":1,"column":41},"end":{"line":2,"column":1}},"line":1}},"branchMap":{},"s":{},"f":{"0":0},"b":{},"hash":"85a21cbb3936e93fd80e222472f3fdbdafd78077"}
,"/Users/exwire/quasar-ts-starter-template/src/store/module-example/index.ts": {"path":"/Users/exwire/quasar-ts-starter-template/src/store/module-example/index.ts","statementMap":{},"fnMap":{},"branchMap":{},"s":{},"f":{},"b":{},"hash":"85cec98291246e539652e58a431f9613073368db"}
,"/Users/exwire/quasar-ts-starter-template/src/store/module-example/mutations.ts": {"path":"/Users/exwire/quasar-ts-starter-template/src/store/module-example/mutations.ts","statementMap":{},"fnMap":{"0":{"name":"someMutation","decl":{"start":{"line":1,"column":16},"end":{"line":1,"column":28}},"loc":{"start":{"line":1,"column":43},"end":{"line":2,"column":1}},"line":1}},"branchMap":{},"s":{},"f":{"0":0},"b":{},"hash":"773a1660f42577817c3b1b1debbc3e0e74bf296b"}
,"/Users/exwire/quasar-ts-starter-template/src/store/module-example/state.ts": {"path":"/Users/exwire/quasar-ts-starter-template/src/store/module-example/state.ts","statementMap":{},"fnMap":{},"branchMap":{},"s":{},"f":{},"b":{},"hash":"5809697bbe3e289e4df884d68e5262986526dd23"}
}
