{"/Users/exwire/quasar-ts-starter-template/src/App.vue": {"path":"/Users/exwire/quasar-ts-starter-template/src/App.vue","statementMap":{"0":{"start":{"line":8,"column":0},"end":{"line":8,"column":null}}},"fnMap":{},"branchMap":{},"s":{"0":0},"f":{},"b":{}}
,"/Users/exwire/quasar-ts-starter-template/src/env.d.ts": {"path":"/Users/exwire/quasar-ts-starter-template/src/env.d.ts","statementMap":{},"fnMap":{},"branchMap":{},"s":{},"f":{},"b":{},"hash":"46188c01b237c77b490a503f4c8f99d347afecfd"}
,"/Users/exwire/quasar-ts-starter-template/src/quasar.d.ts": {"path":"/Users/exwire/quasar-ts-starter-template/src/quasar.d.ts","statementMap":{},"fnMap":{},"branchMap":{},"s":{},"f":{},"b":{},"hash":"842ed29eac4763f196a92f1ee87b01d0ee814a7d"}
,"/Users/exwire/quasar-ts-starter-template/src/shims-vue.d.ts": {"path":"/Users/exwire/quasar-ts-starter-template/src/shims-vue.d.ts","statementMap":{},"fnMap":{},"branchMap":{},"s":{},"f":{},"b":{},"hash":"3038060288d9189e3fbfb4442a2eb7526be40255"}
,"/Users/exwire/quasar-ts-starter-template/src/boot/i18n.ts": {"path":"/Users/exwire/quasar-ts-starter-template/src/boot/i18n.ts","statementMap":{"0":{"start":{"line":1,"column":0},"end":{"line":1,"column":30}},"1":{"start":{"line":2,"column":0},"end":{"line":2,"column":31}},"2":{"start":{"line":4,"column":0},"end":{"line":13,"column":null}},"3":{"start":{"line":4,"column":62},"end":{"line":13,"column":null}},"4":{"start":{"line":5,"column":2},"end":{"line":5,"column":null}},"5":{"start":{"line":8,"column":2},"end":{"line":12,"column":null}}},"fnMap":{"0":{"name":"(anonymous_6)","decl":{"start":{"line":4,"column":15},"end":{"line":4,"column":22}},"loc":{"start":{"line":4,"column":62},"end":{"line":13,"column":null}}},"1":{"name":"(anonymous_7)","decl":{"start":{"line":4,"column":62},"end":{"line":4,"column":null}},"loc":{"start":{"line":4,"column":62},"end":{"line":13,"column":1}}}},"branchMap":{},"s":{"0":0,"1":0,"2":0,"3":0,"4":0,"5":0},"f":{"0":0,"1":0},"b":{}}
,"/Users/exwire/quasar-ts-starter-template/src/i18n/index.ts": {"path":"/Users/exwire/quasar-ts-starter-template/src/i18n/index.ts","statementMap":{"0":{"start":{"line":1,"column":0},"end":{"line":1,"column":26}},"1":{"start":{"line":3,"column":0},"end":{"line":5,"column":null}}},"fnMap":{},"branchMap":{},"s":{"0":0,"1":0},"f":{},"b":{}}
,"/Users/exwire/quasar-ts-starter-template/src/i18n/en-us/index.ts": {"path":"/Users/exwire/quasar-ts-starter-template/src/i18n/en-us/index.ts","statementMap":{"0":{"start":{"line":4,"column":0},"end":{"line":7,"column":null}}},"fnMap":{},"branchMap":{},"s":{"0":0},"f":{},"b":{}}
,"/Users/exwire/quasar-ts-starter-template/src/layouts/MyLayout.vue": {"path":"/Users/exwire/quasar-ts-starter-template/src/layouts/MyLayout.vue","statementMap":{"0":{"start":{"line":85,"column":0},"end":{"line":85,"column":null}},"1":{"start":{"line":87,"column":0},"end":{"line":87,"column":null}},"2":{"start":{"line":92,"column":0},"end":{"line":92,"column":null}}},"fnMap":{"0":{"name":"data","decl":{"start":{"line":91,"column":0},"end":{"line":91,"column":null}},"loc":{"start":{"line":91,"column":0},"end":{"line":95,"column":null}}}},"branchMap":{},"s":{"0":0,"1":0,"2":0},"f":{"0":0},"b":{}}
,"/Users/exwire/quasar-ts-starter-template/src/pages/Error404.vue": {"path":"/Users/exwire/quasar-ts-starter-template/src/pages/Error404.vue","statementMap":{"0":{"start":{"line":19,"column":0},"end":{"line":19,"column":null}}},"fnMap":{},"branchMap":{},"s":{"0":0},"f":{},"b":{}}
,"/Users/exwire/quasar-ts-starter-template/src/pages/Index.vue": {"path":"/Users/exwire/quasar-ts-starter-template/src/pages/Index.vue","statementMap":{"0":{"start":{"line":11,"column":0},"end":{"line":11,"column":null}}},"fnMap":{},"branchMap":{},"s":{"0":0},"f":{},"b":{}}
,"/Users/exwire/quasar-ts-starter-template/src/router/index.ts": {"path":"/Users/exwire/quasar-ts-starter-template/src/router/index.ts","statementMap":{"0":{"start":{"line":1,"column":0},"end":{"line":1,"column":21}},"1":{"start":{"line":2,"column":0},"end":{"line":2,"column":34}},"2":{"start":{"line":4,"column":0},"end":{"line":4,"column":29}},"3":{"start":{"line":6,"column":0},"end":{"line":6,"column":null}},"4":{"start":{"line":14,"column":17},"end":{"line":23,"column":4}},"5":{"start":{"line":15,"column":27},"end":{"line":15,"column":41}},"6":{"start":{"line":25,"column":2},"end":{"line":25,"column":null}},"7":{"start":{"line":13,"column":0},"end":{"line":13,"column":25}}},"fnMap":{"0":{"name":"default_1","decl":{"start":{"line":13,"column":0},"end":{"line":13,"column":25}},"loc":{"start":{"line":13,"column":52},"end":{"line":26,"column":1}}},"1":{"name":"(anonymous_1)","decl":{"start":{"line":15,"column":20},"end":{"line":15,"column":23}},"loc":{"start":{"line":15,"column":27},"end":{"line":15,"column":41}}}},"branchMap":{},"s":{"0":0,"1":0,"2":0,"3":0,"4":0,"5":0,"6":0,"7":0},"f":{"0":0,"1":0},"b":{}}
,"/Users/exwire/quasar-ts-starter-template/src/router/routes.ts": {"path":"/Users/exwire/quasar-ts-starter-template/src/router/routes.ts","statementMap":{"0":{"start":{"line":2,"column":30},"end":{"line":10,"column":null}},"1":{"start":{"line":5,"column":20},"end":{"line":5,"column":51}},"2":{"start":{"line":7,"column":34},"end":{"line":7,"column":60}},"3":{"start":{"line":13,"column":0},"end":{"line":18,"column":null}},"4":{"start":{"line":14,"column":2},"end":{"line":17,"column":null}},"5":{"start":{"line":16,"column":20},"end":{"line":16,"column":49}},"6":{"start":{"line":20,"column":0},"end":{"line":20,"column":null}}},"fnMap":{"0":{"name":"(anonymous_0)","decl":{"start":{"line":5,"column":15},"end":{"line":5,"column":18}},"loc":{"start":{"line":5,"column":20},"end":{"line":5,"column":51}}},"1":{"name":"(anonymous_1)","decl":{"start":{"line":5,"column":20},"end":{"line":5,"column":28}},"loc":{"start":{"line":5,"column":20},"end":{"line":5,"column":51}}},"2":{"name":"(anonymous_2)","decl":{"start":{"line":7,"column":29},"end":{"line":7,"column":32}},"loc":{"start":{"line":7,"column":34},"end":{"line":7,"column":60}}},"3":{"name":"(anonymous_3)","decl":{"start":{"line":7,"column":34},"end":{"line":7,"column":42}},"loc":{"start":{"line":7,"column":34},"end":{"line":7,"column":60}}},"4":{"name":"(anonymous_4)","decl":{"start":{"line":16,"column":15},"end":{"line":16,"column":18}},"loc":{"start":{"line":16,"column":20},"end":{"line":16,"column":49}}},"5":{"name":"(anonymous_5)","decl":{"start":{"line":16,"column":20},"end":{"line":16,"column":28}},"loc":{"start":{"line":16,"column":20},"end":{"line":16,"column":49}}}},"branchMap":{"0":{"loc":{"start":{"line":13,"column":0},"end":{"line":18,"column":null}},"type":"if","locations":[{"start":{"line":13,"column":0},"end":{"line":18,"column":null}},{"start":{"line":13,"column":0},"end":{"line":18,"column":null}}]}},"s":{"0":0,"1":0,"2":0,"3":0,"4":0,"5":0,"6":0},"f":{"0":0,"1":0,"2":0,"3":0,"4":0,"5":0},"b":{"0":[0,0]}}
,"/Users/exwire/quasar-ts-starter-template/src/store/index.ts": {"path":"/Users/exwire/quasar-ts-starter-template/src/store/index.ts","statementMap":{"0":{"start":{"line":1,"column":0},"end":{"line":1,"column":21}},"1":{"start":{"line":2,"column":0},"end":{"line":2,"column":23}},"2":{"start":{"line":6,"column":0},"end":{"line":6,"column":null}},"3":{"start":{"line":14,"column":16},"end":{"line":22,"column":4}},"4":{"start":{"line":24,"column":2},"end":{"line":24,"column":null}},"5":{"start":{"line":13,"column":0},"end":{"line":13,"column":25}}},"fnMap":{"0":{"name":"default_1","decl":{"start":{"line":13,"column":0},"end":{"line":13,"column":25}},"loc":{"start":{"line":13,"column":45},"end":{"line":25,"column":1}}}},"branchMap":{},"s":{"0":0,"1":0,"2":0,"3":0,"4":0,"5":0},"f":{"0":0},"b":{}}
,"/Users/exwire/quasar-ts-starter-template/src/store/module-example/actions.ts": {"path":"/Users/exwire/quasar-ts-starter-template/src/store/module-example/actions.ts","statementMap":{"0":{"start":{"line":1,"column":0},"end":{"line":1,"column":16}}},"fnMap":{"0":{"name":"someAction","decl":{"start":{"line":1,"column":16},"end":{"line":1,"column":26}},"loc":{"start":{"line":1,"column":41},"end":{"line":2,"column":1}}}},"branchMap":{},"s":{"0":0},"f":{"0":0},"b":{}}
,"/Users/exwire/quasar-ts-starter-template/src/store/module-example/getters.ts": {"path":"/Users/exwire/quasar-ts-starter-template/src/store/module-example/getters.ts","statementMap":{"0":{"start":{"line":1,"column":0},"end":{"line":1,"column":16}}},"fnMap":{"0":{"name":"someGetter","decl":{"start":{"line":1,"column":16},"end":{"line":1,"column":26}},"loc":{"start":{"line":1,"column":39},"end":{"line":2,"column":1}}}},"branchMap":{},"s":{"0":0},"f":{"0":0},"b":{}}
,"/Users/exwire/quasar-ts-starter-template/src/store/module-example/index.ts": {"path":"/Users/exwire/quasar-ts-starter-template/src/store/module-example/index.ts","statementMap":{"0":{"start":{"line":1,"column":0},"end":{"line":1,"column":27}},"1":{"start":{"line":2,"column":0},"end":{"line":2,"column":36}},"2":{"start":{"line":3,"column":0},"end":{"line":3,"column":40}},"3":{"start":{"line":4,"column":0},"end":{"line":4,"column":36}},"4":{"start":{"line":6,"column":0},"end":{"line":12,"column":null}}},"fnMap":{},"branchMap":{},"s":{"0":0,"1":0,"2":0,"3":0,"4":0},"f":{},"b":{}}
,"/Users/exwire/quasar-ts-starter-template/src/store/module-example/mutations.ts": {"path":"/Users/exwire/quasar-ts-starter-template/src/store/module-example/mutations.ts","statementMap":{"0":{"start":{"line":1,"column":0},"end":{"line":1,"column":16}}},"fnMap":{"0":{"name":"someMutation","decl":{"start":{"line":1,"column":16},"end":{"line":1,"column":28}},"loc":{"start":{"line":1,"column":41},"end":{"line":2,"column":1}}}},"branchMap":{},"s":{"0":0},"f":{"0":0},"b":{}}
,"/Users/exwire/quasar-ts-starter-template/src/store/module-example/state.ts": {"path":"/Users/exwire/quasar-ts-starter-template/src/store/module-example/state.ts","statementMap":{"0":{"start":{"line":1,"column":0},"end":{"line":3,"column":null}}},"fnMap":{},"branchMap":{},"s":{"0":0},"f":{},"b":{}}
}
