TN:
SF:/Users/exwire/quasar-ts-starter-template/src/App.vue
FNF:0
FNH:0
DA:8,0
LF:1
LH:0
BRF:0
BRH:0
end_of_record
TN:
SF:/Users/exwire/quasar-ts-starter-template/src/env.d.ts
FNF:0
FNH:0
LF:0
LH:0
BRF:0
BRH:0
end_of_record
TN:
SF:/Users/exwire/quasar-ts-starter-template/src/quasar.d.ts
FNF:0
FNH:0
LF:0
LH:0
BRF:0
BRH:0
end_of_record
TN:
SF:/Users/exwire/quasar-ts-starter-template/src/shims-vue.d.ts
FNF:0
FNH:0
LF:0
LH:0
BRF:0
BRH:0
end_of_record
TN:
SF:/Users/exwire/quasar-ts-starter-template/src/boot/i18n.ts
FN:4,(anonymous_6)
FN:4,(anonymous_7)
FNF:2
FNH:0
FNDA:0,(anonymous_6)
FNDA:0,(anonymous_7)
DA:1,0
DA:2,0
DA:4,0
DA:5,0
DA:8,0
LF:5
LH:0
BRF:0
BRH:0
end_of_record
TN:
SF:/Users/exwire/quasar-ts-starter-template/src/i18n/index.ts
FNF:0
FNH:0
DA:1,0
DA:3,0
LF:2
LH:0
BRF:0
BRH:0
end_of_record
TN:
SF:/Users/exwire/quasar-ts-starter-template/src/i18n/en-us/index.ts
FNF:0
FNH:0
DA:4,0
LF:1
LH:0
BRF:0
BRH:0
end_of_record
TN:
SF:/Users/exwire/quasar-ts-starter-template/src/layouts/MyLayout.vue
FN:91,data
FNF:1
FNH:0
FNDA:0,data
DA:85,0
DA:87,0
DA:92,0
LF:3
LH:0
BRF:0
BRH:0
end_of_record
TN:
SF:/Users/exwire/quasar-ts-starter-template/src/pages/Error404.vue
FNF:0
FNH:0
DA:19,0
LF:1
LH:0
BRF:0
BRH:0
end_of_record
TN:
SF:/Users/exwire/quasar-ts-starter-template/src/pages/Index.vue
FNF:0
FNH:0
DA:11,0
LF:1
LH:0
BRF:0
BRH:0
end_of_record
TN:
SF:/Users/exwire/quasar-ts-starter-template/src/router/index.ts
FN:13,default_1
FN:15,(anonymous_1)
FNF:2
FNH:0
FNDA:0,default_1
FNDA:0,(anonymous_1)
DA:1,0
DA:2,0
DA:4,0
DA:6,0
DA:13,0
DA:14,0
DA:15,0
DA:25,0
LF:8
LH:0
BRF:0
BRH:0
end_of_record
TN:
SF:/Users/exwire/quasar-ts-starter-template/src/router/routes.ts
FN:5,(anonymous_0)
FN:5,(anonymous_1)
FN:7,(anonymous_2)
FN:7,(anonymous_3)
FN:16,(anonymous_4)
FN:16,(anonymous_5)
FNF:6
FNH:0
FNDA:0,(anonymous_0)
FNDA:0,(anonymous_1)
FNDA:0,(anonymous_2)
FNDA:0,(anonymous_3)
FNDA:0,(anonymous_4)
FNDA:0,(anonymous_5)
DA:2,0
DA:5,0
DA:7,0
DA:13,0
DA:14,0
DA:16,0
DA:20,0
LF:7
LH:0
BRDA:13,0,0,0
BRDA:13,0,1,0
BRF:2
BRH:0
end_of_record
TN:
SF:/Users/exwire/quasar-ts-starter-template/src/store/index.ts
FN:13,default_1
FNF:1
FNH:0
FNDA:0,default_1
DA:1,0
DA:2,0
DA:6,0
DA:13,0
DA:14,0
DA:24,0
LF:6
LH:0
BRF:0
BRH:0
end_of_record
TN:
SF:/Users/exwire/quasar-ts-starter-template/src/store/module-example/actions.ts
FN:1,someAction
FNF:1
FNH:0
FNDA:0,someAction
DA:1,0
LF:1
LH:0
BRF:0
BRH:0
end_of_record
TN:
SF:/Users/exwire/quasar-ts-starter-template/src/store/module-example/getters.ts
FN:1,someGetter
FNF:1
FNH:0
FNDA:0,someGetter
DA:1,0
LF:1
LH:0
BRF:0
BRH:0
end_of_record
TN:
SF:/Users/exwire/quasar-ts-starter-template/src/store/module-example/index.ts
FNF:0
FNH:0
DA:1,0
DA:2,0
DA:3,0
DA:4,0
DA:6,0
LF:5
LH:0
BRF:0
BRH:0
end_of_record
TN:
SF:/Users/exwire/quasar-ts-starter-template/src/store/module-example/mutations.ts
FN:1,someMutation
FNF:1
FNH:0
FNDA:0,someMutation
DA:1,0
LF:1
LH:0
BRF:0
BRH:0
end_of_record
TN:
SF:/Users/exwire/quasar-ts-starter-template/src/store/module-example/state.ts
FNF:0
FNH:0
DA:1,0
LF:1
LH:0
BRF:0
BRH:0
end_of_record
