TN:
SF:/Users/exwire/quasar-ts-starter-template/src/App.vue
FNF:0
FNH:0
DA:8,0
LF:1
LH:0
BRF:0
BRH:0
end_of_record
TN:
SF:/Users/exwire/quasar-ts-starter-template/src/index.ts
FNF:0
FNH:0
LF:0
LH:0
BRF:0
BRH:0
end_of_record
TN:
SF:/Users/exwire/quasar-ts-starter-template/src/i18n/index.ts
FNF:0
FNH:0
LF:0
LH:0
BRF:0
BRH:0
end_of_record
TN:
SF:/Users/exwire/quasar-ts-starter-template/src/i18n/en-us/index.ts
FNF:0
FNH:0
LF:0
LH:0
BRF:0
BRH:0
end_of_record
TN:
SF:/Users/exwire/quasar-ts-starter-template/src/layouts/MyLayout.vue
FN:91,data
FNF:1
FNH:0
FNDA:0,data
DA:85,0
DA:87,0
DA:92,0
LF:3
LH:0
BRF:0
BRH:0
end_of_record
TN:
SF:/Users/exwire/quasar-ts-starter-template/src/pages/Error404.vue
FNF:0
FNH:0
DA:19,0
LF:1
LH:0
BRF:0
BRH:0
end_of_record
TN:
SF:/Users/exwire/quasar-ts-starter-template/src/pages/Index.vue
FNF:0
FNH:0
DA:11,0
LF:1
LH:0
BRF:0
BRH:0
end_of_record
TN:
SF:/Users/exwire/quasar-ts-starter-template/src/router/index.ts
FN:13,(anonymous_0)
FN:15,(anonymous_1)
FNF:2
FNH:0
FNDA:0,(anonymous_0)
FNDA:0,(anonymous_1)
DA:6,0
DA:14,0
DA:15,0
DA:25,0
LF:4
LH:0
BRF:0
BRH:0
end_of_record
TN:
SF:/Users/exwire/quasar-ts-starter-template/src/store/index.ts
FN:13,(anonymous_0)
FNF:1
FNH:0
FNDA:0,(anonymous_0)
DA:6,0
DA:14,0
DA:24,0
LF:3
LH:0
BRF:0
BRH:0
end_of_record
TN:
SF:/Users/exwire/quasar-ts-starter-template/src/store/module-example/actions.ts
FN:1,someAction
FNF:1
FNH:0
FNDA:0,someAction
LF:0
LH:0
BRF:0
BRH:0
end_of_record
TN:
SF:/Users/exwire/quasar-ts-starter-template/src/store/module-example/getters.ts
FN:1,someGetter
FNF:1
FNH:0
FNDA:0,someGetter
LF:0
LH:0
BRF:0
BRH:0
end_of_record
TN:
SF:/Users/exwire/quasar-ts-starter-template/src/store/module-example/index.ts
FNF:0
FNH:0
LF:0
LH:0
BRF:0
BRH:0
end_of_record
TN:
SF:/Users/exwire/quasar-ts-starter-template/src/store/module-example/mutations.ts
FN:1,someMutation
FNF:1
FNH:0
FNDA:0,someMutation
LF:0
LH:0
BRF:0
BRH:0
end_of_record
TN:
SF:/Users/exwire/quasar-ts-starter-template/src/store/module-example/state.ts
FNF:0
FNH:0
LF:0
LH:0
BRF:0
BRH:0
end_of_record
